<?xml version="1.0" encoding="utf-8"?><testsuites name="pytest tests"><testsuite name="pytest" errors="0" failures="0" skipped="0" tests="8" time="26.632" timestamp="2026-06-02T20:18:56.611163+00:00" hostname="agent-env-31fe9bc5-5128-4f85-827c-d74657e4c1e2"><testcase classname="tests.test_brands.TestPublicBrands" name="test_public_brands_returns_12_seeded" time="1.283" /><testcase classname="tests.test_brands.TestPublicBrands" name="test_public_brand_fields" time="0.805" /><testcase classname="tests.test_brands.TestPublicBrands" name="test_public_returns_only_active" time="6.455" /><testcase classname="tests.test_brands.TestAdminBrandsAuth" name="test_admin_list_super_admin_200" time="1.384" /><testcase classname="tests.test_brands.TestAdminBrandsAuth" name="test_admin_list_customer_403" time="2.234" /><testcase classname="tests.test_brands.TestAdminBrandsAuth" name="test_admin_list_anonymous_401" time="0.205" /><testcase classname="tests.test_brands.TestAdminBrandCRUD" name="test_create_update_delete_flow" time="13.080" /><testcase classname="tests.test_brands.TestAdminBrandCRUD" name="test_customer_cannot_create" time="0.942" /></testsuite></testsuites>