<?xml version="1.0" encoding="utf-8"?><testsuites name="pytest tests"><testsuite name="pytest" errors="0" failures="0" skipped="0" tests="22" time="64.638" timestamp="2026-06-03T08:34:47.901111+00:00" hostname="agent-env-31fe9bc5-5128-4f85-827c-d74657e4c1e2"><testcase classname="backend.tests.test_iter11_admin_merge.TestLogins" name="test_yash_login" time="10.610" /><testcase classname="backend.tests.test_iter11_admin_merge.TestLogins" name="test_jojo_login" time="2.400" /><testcase classname="backend.tests.test_iter11_admin_merge.TestAdminAccess" name="test_yash_can_access[/admin/analytics]" time="3.572" /><testcase classname="backend.tests.test_iter11_admin_merge.TestAdminAccess" name="test_yash_can_access[/admin/all-orders]" time="1.366" /><testcase classname="backend.tests.test_iter11_admin_merge.TestAdminAccess" name="test_yash_can_access[/admin/staff-performance]" time="2.681" /><testcase classname="backend.tests.test_iter11_admin_merge.TestAdminAccess" name="test_yash_can_access[/admin/staff]" time="1.147" /><testcase classname="backend.tests.test_iter11_admin_merge.TestAdminAccess" name="test_jojo_can_access[/admin/analytics]" time="1.799" /><testcase classname="backend.tests.test_iter11_admin_merge.TestAdminAccess" name="test_jojo_can_access[/admin/all-orders]" time="1.138" /><testcase classname="backend.tests.test_iter11_admin_merge.TestAdminAccess" name="test_jojo_can_access[/admin/staff-performance]" time="1.798" /><testcase classname="backend.tests.test_iter11_admin_merge.TestAdminAccess" name="test_jojo_can_access[/admin/staff]" time="1.148" /><testcase classname="backend.tests.test_iter11_admin_merge.TestAdminAccess" name="test_customer_forbidden[/admin/analytics]" time="2.362" /><testcase classname="backend.tests.test_iter11_admin_merge.TestAdminAccess" name="test_customer_forbidden[/admin/all-orders]" time="0.931" /><testcase classname="backend.tests.test_iter11_admin_merge.TestAdminAccess" name="test_customer_forbidden[/admin/staff-performance]" time="0.932" /><testcase classname="backend.tests.test_iter11_admin_merge.TestAdminAccess" name="test_customer_forbidden[/admin/staff]" time="0.932" /><testcase classname="backend.tests.test_iter11_admin_merge.TestStaffPerformanceShape" name="test_shape_keys" time="1.808" /><testcase classname="backend.tests.test_iter11_admin_merge.TestReferral409Fix" name="test_explicit_duplicate_returns_409" time="5.714" /><testcase classname="backend.tests.test_iter11_admin_merge.TestReferral409Fix" name="test_auto_referral_collision_regenerates" time="5.996" /><testcase classname="backend.tests.test_iter11_admin_merge.TestGoogleOAuth" name="test_invalid_code_returns_401" time="0.454" /><testcase classname="backend.tests.test_iter11_admin_merge.TestRegression" name="test_products" time="1.039" /><testcase classname="backend.tests.test_iter11_admin_merge.TestRegression" name="test_brands" time="1.036" /><testcase classname="backend.tests.test_iter11_admin_merge.TestRegression" name="test_hero_banners" time="1.036" /><testcase classname="backend.tests.test_iter11_admin_merge.TestRegression" name="test_drink_reveal_today" time="14.544" /></testsuite></testsuites>