<?xml version="1.0" encoding="utf-8"?><testsuites name="pytest tests"><testsuite name="pytest" errors="0" failures="0" skipped="0" tests="15" time="47.515" timestamp="2026-06-02T19:36:43.412780+00:00" hostname="agent-env-31fe9bc5-5128-4f85-827c-d74657e4c1e2"><testcase classname="backend.tests.test_p1_features.TestDrinkReveal" name="test_today_endpoint_public" time="4.814" /><testcase classname="backend.tests.test_p1_features.TestDrinkReveal" name="test_deterministic_same_product" time="1.665" /><testcase classname="backend.tests.test_p1_features.TestStaffEndpoints" name="test_sam_login_payload" time="2.638" /><testcase classname="backend.tests.test_p1_features.TestStaffEndpoints" name="test_all_4_staff_login" time="5.286" /><testcase classname="backend.tests.test_p1_features.TestStaffEndpoints" name="test_my_orders_returns_list_with_status" time="4.942" /><testcase classname="backend.tests.test_p1_features.TestStaffEndpoints" name="test_my_stock_non_empty" time="1.602" /><testcase classname="backend.tests.test_p1_features.TestOrderStatusPatch" name="test_sam_can_update_own_order" time="4.312" /><testcase classname="backend.tests.test_p1_features.TestOrderStatusPatch" name="test_logen_cannot_update_sams_order" time="4.565" /><testcase classname="backend.tests.test_p1_features.TestOrderStatusPatch" name="test_customer_cannot_update_status" time="4.131" /><testcase classname="backend.tests.test_p1_features.TestOrderStatusPatch" name="test_invalid_status_400" time="2.550" /><testcase classname="backend.tests.test_p1_features.TestOrderStatusPatch" name="test_twilio_dormant_does_not_break_patch" time="4.288" /><testcase classname="backend.tests.test_p1_features.TestRegression" name="test_products_listing" time="1.099" /><testcase classname="backend.tests.test_p1_features.TestRegression" name="test_customer_my_orders" time="2.700" /><testcase classname="backend.tests.test_p1_features.TestRegression" name="test_master_admin_login" time="1.336" /><testcase classname="backend.tests.test_p1_features.TestRegression" name="test_super_admin_login" time="1.335" /></testsuite></testsuites>