<?xml version="1.0" encoding="utf-8"?><testsuites name="pytest tests"><testsuite name="pytest" errors="0" failures="1" skipped="0" tests="12" time="63.521" timestamp="2026-06-02T21:00:54.881497+00:00" hostname="agent-env-31fe9bc5-5128-4f85-827c-d74657e4c1e2"><testcase classname="backend.tests.test_admin_staff.TestStaffList" name="test_list_initially_empty" time="13.254" /><testcase classname="backend.tests.test_admin_staff.TestStaffList" name="test_list_forbidden_for_anon" time="0.172" /><testcase classname="backend.tests.test_admin_staff.TestStaffCreate" name="test_create_auto_referral" time="4.127" /><testcase classname="backend.tests.test_admin_staff.TestStaffCreate" name="test_create_with_custom_referral" time="3.027" /><testcase classname="backend.tests.test_admin_staff.TestStaffCreate" name="test_create_duplicate_email_409" time="1.165" /><testcase classname="backend.tests.test_admin_staff.TestStaffCreate" name="test_create_duplicate_referral_409" time="6.514"><failure message="AssertionError: {&quot;staff_id&quot;:&quot;6c3bdcba-50a4-48e4-940d-466e4bc4fbe9&quot;,&quot;email&quot;:&quot;TEST_refclash_711f6c@masterliqours.my&quot;,&quot;referral_code&quot;:&quot;REFCLA520&quot;,&quot;whatsapp_number&quot;:null,&quot;created_at&quot;:&quot;2026-06-02T21:01:22.047985&quot;,&quot;name&quot;:&quot;RefClash&quot;,&quot;qr_code_url&quot;:null,&quot;orders_count&quot;:0,&quot;temp_password&quot;:&quot;sxTNyhOrUf&quot;}&#10;assert 201 == 409&#10; +  where 201 = &lt;Response [201]&gt;.status_code">backend/tests/test_admin_staff.py:146: in test_create_duplicate_referral_409
    assert r2.status_code == 409, r2.text
E   AssertionError: {"staff_id":"6c3bdcba-50a4-48e4-940d-466e4bc4fbe9","email":"TEST_refclash_711f6c@masterliqours.my","referral_code":"REFCLA520","whatsapp_number":null,"created_at":"2026-06-02T21:01:22.047985","name":"RefClash","qr_code_url":null,"orders_count":0,"temp_password":"sxTNyhOrUf"}
E   assert 201 == 409
E    +  where 201 = &lt;Response [201]&gt;.status_code</failure></testcase><testcase classname="backend.tests.test_admin_staff.TestStaffCreate" name="test_create_as_customer_403" time="2.482" /><testcase classname="backend.tests.test_admin_staff.TestStaffLoginAndOrders" name="test_new_staff_can_login_with_temp_password" time="1.555" /><testcase classname="backend.tests.test_admin_staff.TestStaffLoginAndOrders" name="test_staff_can_access_my_orders" time="3.961" /><testcase classname="backend.tests.test_admin_staff.TestStaffUpdate" name="test_update_name_syncs_to_user" time="5.450" /><testcase classname="backend.tests.test_admin_staff.TestStaffResetPassword" name="test_reset_password_invalidates_old_and_issues_new" time="4.985" /><testcase classname="backend.tests.test_admin_staff.TestStaffDelete" name="test_delete_removes_staff_and_user" time="16.119" /></testsuite></testsuites>