<?xml version="1.0" encoding="utf-8"?><testsuites name="pytest tests"><testsuite name="pytest" errors="0" failures="0" skipped="0" tests="11" time="29.072" timestamp="2026-06-02T20:35:43.987323+00:00" hostname="agent-env-31fe9bc5-5128-4f85-827c-d74657e4c1e2"><testcase classname="backend.tests.test_uploads.TestUpload" name="test_upload_png_success" time="11.578" /><testcase classname="backend.tests.test_uploads.TestUpload" name="test_static_serve" time="0.212" /><testcase classname="backend.tests.test_uploads.TestUpload" name="test_upload_invalid_ext" time="0.934" /><testcase classname="backend.tests.test_uploads.TestUpload" name="test_upload_requires_admin_anon" time="0.192" /><testcase classname="backend.tests.test_uploads.TestUpload" name="test_upload_forbidden_for_customer" time="2.228" /><testcase classname="backend.tests.test_uploads.TestBulkImport" name="test_valid_csv_creates_products" time="2.039" /><testcase classname="backend.tests.test_uploads.TestBulkImport" name="test_duplicate_names_are_skipped" time="1.374" /><testcase classname="backend.tests.test_uploads.TestBulkImport" name="test_missing_required_columns" time="0.987" /><testcase classname="backend.tests.test_uploads.TestBulkImport" name="test_non_csv_rejected" time="0.960" /><testcase classname="backend.tests.test_uploads.TestBulkImport" name="test_bulk_import_forbidden_for_customer" time="2.320" /><testcase classname="backend.tests.test_uploads" name="test_zz_cleanup" time="6.014" /></testsuite></testsuites>